<?xml version="1.0" encoding="UTF-8"?>
<!-- Generated by org.testng.reporters.JUnitXMLReporter -->
<testsuite hostname="Hanh-Phuc-Nguyen" ignored="0" name="JavaSecurity-2020-09-16-14-00-49" tests="20" failures="10" timestamp="16 Sep 2020 07:01:14 GMT" time="18.699" errors="0">
  <testcase name="@BeforeMethod beforeMethod" time="17.95" classname="testcase.Core">
    <failure type="org.openqa.selenium.WebDriverException" message="unknown error: cannot find Chrome binary
  (Driver info: chromedriver=2.35.528161 (5b82f2d2aae0ca24b877009200ced9065a772e73),platform=Windows NT 10.0.19041 x86_64) (WARNING: The server did not provide any stacktrace information)
Command duration or timeout: 1.06 seconds
Build info: version: &amp;apos;3.8.1&amp;apos;, revision: &amp;apos;6e95a6684b&amp;apos;, time: &amp;apos;2017-12-01T18:33:54.468Z&amp;apos;
System info: host: &amp;apos;HANH-PHUC-NGUYE&amp;apos;, ip: &amp;apos;192.168.11.16&amp;apos;, os.name: &amp;apos;Windows 10&amp;apos;, os.arch: &amp;apos;amd64&amp;apos;, os.version: &amp;apos;10.0&amp;apos;, java.version: &amp;apos;1.8.0_261&amp;apos;
Driver info: driver.version: ChromeDriver">
      <![CDATA[org.openqa.selenium.WebDriverException: unknown error: cannot find Chrome binary  (Driver info: chromedriver=2.35.528161 (5b82f2d2aae0ca24b877009200ced9065a772e73),platform=Windows NT 10.0.19041 x86_64) (WARNING: The server did not provide any stacktrace information)Command duration or timeout: 1.06 secondsBuild info: version: '3.8.1', revision: '6e95a6684b', time: '2017-12-01T18:33:54.468Z'System info: host: 'HANH-PHUC-NGUYE', ip: '192.168.11.16', os.name: 'Windows 10', os.arch: 'amd64', os.version: '10.0', java.version: '1.8.0_261'Driver info: driver.version: ChromeDriverat org.openqa.selenium.remote.ErrorHandler.createThrowable(ErrorHandler.java:214)at org.openqa.selenium.remote.ErrorHandler.throwIfResponseFailed(ErrorHandler.java:166)at org.openqa.selenium.remote.JsonWireProtocolResponse.lambda$new$0(JsonWireProtocolResponse.java:53)at org.openqa.selenium.remote.JsonWireProtocolResponse.lambda$getResponseFunction$2(JsonWireProtocolResponse.java:91)at org.openqa.selenium.remote.ProtocolHandshake.lambda$createSession$0(ProtocolHandshake.java:123)at java.util.stream.ReferencePipeline$3$1.accept(ReferencePipeline.java:193)at java.util.Spliterators$ArraySpliterator.tryAdvance(Spliterators.java:958)at java.util.stream.ReferencePipeline.forEachWithCancel(ReferencePipeline.java:126)at java.util.stream.AbstractPipeline.copyIntoWithCancel(AbstractPipeline.java:499)at java.util.stream.AbstractPipeline.copyInto(AbstractPipeline.java:486)at java.util.stream.AbstractPipeline.wrapAndCopyInto(AbstractPipeline.java:472)at java.util.stream.FindOps$FindOp.evaluateSequential(FindOps.java:152)at java.util.stream.AbstractPipeline.evaluate(AbstractPipeline.java:234)at java.util.stream.ReferencePipeline.findFirst(ReferencePipeline.java:464)at org.openqa.selenium.remote.ProtocolHandshake.createSession(ProtocolHandshake.java:126)at org.openqa.selenium.remote.ProtocolHandshake.createSession(ProtocolHandshake.java:73)at org.openqa.selenium.remote.HttpCommandExecutor.execute(HttpCommandExecutor.java:142)at com.test.CustomClasses.DriverCommandExecutor.execute(DriverCommandExecutor.java:68)at org.openqa.selenium.remote.RemoteWebDriver.execute(RemoteWebDriver.java:601)at org.openqa.selenium.remote.RemoteWebDriver.startSession(RemoteWebDriver.java:219)at org.openqa.selenium.remote.RemoteWebDriver.<init>(RemoteWebDriver.java:142)at com.test.CustomClasses.ChromeDriver.<init>(ChromeDriver.java:54)at com.test.CustomClasses.ChromeDriver.<init>(ChromeDriver.java:48)at com.test.CustomClasses.ChromeDriver.<init>(ChromeDriver.java:44)at testcase.Core.beforeMethod(Core.java:32)at java.util.concurrent.ThreadPoolExecutor.runWorker(ThreadPoolExecutor.java:1149)at java.util.concurrent.ThreadPoolExecutor$Worker.run(ThreadPoolExecutor.java:624)at java.lang.Thread.run(Thread.java:748)... Removed 17 stack frames]]>
    </failure>
  </testcase> <!-- @BeforeMethod beforeMethod -->
  <testcase name="@BeforeMethod beforeMethod" time="0.0" classname="testcase.Core">
    <skipped/>
  </testcase> <!-- @BeforeMethod beforeMethod -->
  <testcase name="@BeforeMethod beforeMethod" time="0.0" classname="testcase.Core">
    <skipped/>
  </testcase> <!-- @BeforeMethod beforeMethod -->
  <testcase name="@BeforeMethod beforeMethod" time="0.0" classname="testcase.Core">
    <skipped/>
  </testcase> <!-- @BeforeMethod beforeMethod -->
  <testcase name="@BeforeMethod beforeMethod" time="0.0" classname="testcase.Core">
    <skipped/>
  </testcase> <!-- @BeforeMethod beforeMethod -->
  <testcase name="@BeforeMethod beforeMethod" time="0.0" classname="testcase.Core">
    <skipped/>
  </testcase> <!-- @BeforeMethod beforeMethod -->
  <testcase name="@BeforeMethod beforeMethod" time="0.0" classname="testcase.Core">
    <skipped/>
  </testcase> <!-- @BeforeMethod beforeMethod -->
  <testcase name="@BeforeMethod beforeMethod" time="0.0" classname="testcase.Core">
    <skipped/>
  </testcase> <!-- @BeforeMethod beforeMethod -->
  <testcase name="@BeforeMethod beforeMethod" time="0.0" classname="testcase.Core">
    <skipped/>
  </testcase> <!-- @BeforeMethod beforeMethod -->
  <testcase name="@BeforeMethod beforeMethod" time="0.0" classname="testcase.Core">
    <skipped/>
  </testcase> <!-- @BeforeMethod beforeMethod -->
  <testcase name="tc01" time="0.0" classname="testcase.Testsuite">
    <skipped/>
  </testcase> <!-- tc01 -->
  <testcase name="tc01" time="18.152" classname="testcase.Testsuite">
    <failure type="java.lang.NullPointerException">
      <![CDATA[java.lang.NullPointerExceptionat com.test.listener.ExtentListener.onTestSkipped(ExtentListener.java:87)at java.util.concurrent.ThreadPoolExecutor.runWorker(ThreadPoolExecutor.java:1149)at java.util.concurrent.ThreadPoolExecutor$Worker.run(ThreadPoolExecutor.java:624)at java.lang.Thread.run(Thread.java:748)... Removed 8 stack frames]]>
    </failure>
  </testcase> <!-- tc01 -->
  <testcase name="tc10" time="0.0" classname="testcase.Testsuite">
    <skipped/>
  </testcase> <!-- tc10 -->
  <testcase name="tc10" time="0.015" classname="testcase.Testsuite">
    <failure type="java.lang.NullPointerException">
      <![CDATA[java.lang.NullPointerExceptionat com.test.listener.ExtentListener.onTestSkipped(ExtentListener.java:87)at java.util.concurrent.ThreadPoolExecutor.runWorker(ThreadPoolExecutor.java:1149)at java.util.concurrent.ThreadPoolExecutor$Worker.run(ThreadPoolExecutor.java:624)at java.lang.Thread.run(Thread.java:748)... Removed 8 stack frames]]>
    </failure>
  </testcase> <!-- tc10 -->
  <testcase name="tc02" time="0.0" classname="testcase.Testsuite">
    <skipped/>
  </testcase> <!-- tc02 -->
  <testcase name="tc02" time="0.0" classname="testcase.Testsuite">
    <failure type="java.lang.NullPointerException">
      <![CDATA[java.lang.NullPointerExceptionat com.test.listener.ExtentListener.onTestSkipped(ExtentListener.java:87)at java.util.concurrent.ThreadPoolExecutor.runWorker(ThreadPoolExecutor.java:1149)at java.util.concurrent.ThreadPoolExecutor$Worker.run(ThreadPoolExecutor.java:624)at java.lang.Thread.run(Thread.java:748)... Removed 8 stack frames]]>
    </failure>
  </testcase> <!-- tc02 -->
  <testcase name="tc09" time="0.0" classname="testcase.Testsuite">
    <skipped/>
  </testcase> <!-- tc09 -->
  <testcase name="tc09" time="0.031" classname="testcase.Testsuite">
    <failure type="java.lang.NullPointerException">
      <![CDATA[java.lang.NullPointerExceptionat com.test.listener.ExtentListener.onTestSkipped(ExtentListener.java:87)at java.util.concurrent.ThreadPoolExecutor.runWorker(ThreadPoolExecutor.java:1149)at java.util.concurrent.ThreadPoolExecutor$Worker.run(ThreadPoolExecutor.java:624)at java.lang.Thread.run(Thread.java:748)... Removed 8 stack frames]]>
    </failure>
  </testcase> <!-- tc09 -->
  <testcase name="tc04" time="0.0" classname="testcase.Testsuite">
    <skipped/>
  </testcase> <!-- tc04 -->
  <testcase name="tc04" time="0.031" classname="testcase.Testsuite">
    <failure type="java.lang.NullPointerException">
      <![CDATA[java.lang.NullPointerExceptionat com.test.listener.ExtentListener.onTestSkipped(ExtentListener.java:87)at java.util.concurrent.ThreadPoolExecutor.runWorker(ThreadPoolExecutor.java:1149)at java.util.concurrent.ThreadPoolExecutor$Worker.run(ThreadPoolExecutor.java:624)at java.lang.Thread.run(Thread.java:748)... Removed 8 stack frames]]>
    </failure>
  </testcase> <!-- tc04 -->
  <testcase name="tc03" time="0.0" classname="testcase.Testsuite">
    <skipped/>
  </testcase> <!-- tc03 -->
  <testcase name="tc03" time="0.0" classname="testcase.Testsuite">
    <failure type="java.lang.NullPointerException">
      <![CDATA[java.lang.NullPointerExceptionat com.test.listener.ExtentListener.onTestSkipped(ExtentListener.java:87)at java.util.concurrent.ThreadPoolExecutor.runWorker(ThreadPoolExecutor.java:1149)at java.util.concurrent.ThreadPoolExecutor$Worker.run(ThreadPoolExecutor.java:624)at java.lang.Thread.run(Thread.java:748)... Removed 8 stack frames]]>
    </failure>
  </testcase> <!-- tc03 -->
  <testcase name="tc05" time="0.0" classname="testcase.Testsuite">
    <skipped/>
  </testcase> <!-- tc05 -->
  <testcase name="tc05" time="0.0" classname="testcase.Testsuite">
    <failure type="java.lang.NullPointerException">
      <![CDATA[java.lang.NullPointerExceptionat com.test.listener.ExtentListener.onTestSkipped(ExtentListener.java:87)at java.util.concurrent.ThreadPoolExecutor.runWorker(ThreadPoolExecutor.java:1149)at java.util.concurrent.ThreadPoolExecutor$Worker.run(ThreadPoolExecutor.java:624)at java.lang.Thread.run(Thread.java:748)... Removed 8 stack frames]]>
    </failure>
  </testcase> <!-- tc05 -->
  <testcase name="tc06" time="0.0" classname="testcase.Testsuite">
    <skipped/>
  </testcase> <!-- tc06 -->
  <testcase name="tc06" time="0.015" classname="testcase.Testsuite">
    <failure type="java.lang.NullPointerException">
      <![CDATA[java.lang.NullPointerExceptionat com.test.listener.ExtentListener.onTestSkipped(ExtentListener.java:87)at java.util.concurrent.ThreadPoolExecutor.runWorker(ThreadPoolExecutor.java:1149)at java.util.concurrent.ThreadPoolExecutor$Worker.run(ThreadPoolExecutor.java:624)at java.lang.Thread.run(Thread.java:748)... Removed 8 stack frames]]>
    </failure>
  </testcase> <!-- tc06 -->
  <testcase name="tc08" time="0.0" classname="testcase.Testsuite">
    <skipped/>
  </testcase> <!-- tc08 -->
  <testcase name="tc08" time="0.0" classname="testcase.Testsuite">
    <failure type="java.lang.NullPointerException">
      <![CDATA[java.lang.NullPointerExceptionat com.test.listener.ExtentListener.onTestSkipped(ExtentListener.java:87)at java.util.concurrent.ThreadPoolExecutor.runWorker(ThreadPoolExecutor.java:1149)at java.util.concurrent.ThreadPoolExecutor$Worker.run(ThreadPoolExecutor.java:624)at java.lang.Thread.run(Thread.java:748)... Removed 8 stack frames]]>
    </failure>
  </testcase> <!-- tc08 -->
  <testcase name="tc07" time="0.0" classname="testcase.Testsuite">
    <skipped/>
  </testcase> <!-- tc07 -->
  <testcase name="tc07" time="0.0" classname="testcase.Testsuite">
    <failure type="java.lang.NullPointerException">
      <![CDATA[java.lang.NullPointerExceptionat com.test.listener.ExtentListener.onTestSkipped(ExtentListener.java:87)at java.util.concurrent.ThreadPoolExecutor.runWorker(ThreadPoolExecutor.java:1149)at java.util.concurrent.ThreadPoolExecutor$Worker.run(ThreadPoolExecutor.java:624)at java.lang.Thread.run(Thread.java:748)... Removed 8 stack frames]]>
    </failure>
  </testcase> <!-- tc07 -->
</testsuite> <!-- JavaSecurity-2020-09-16-14-00-49 -->
