<?xml version="1.0" encoding="UTF-8"?>
<!-- Generated by org.testng.reporters.JUnitXMLReporter -->
<testsuite ignored="0" hostname="Hanh-Phuc-Nguyen" failures="10" tests="20" name="JavaSecurity-2020-09-06-22-17-27" time="4.766" errors="0" timestamp="06 Sep 2020 15:17:33 GMT">
  <testcase classname="testcase.Core" name="@BeforeMethod beforeMethod" time="4.109">
    <failure type="org.openqa.selenium.WebDriverException" message="unknown error: cannot find Chrome binary
  (Driver info: chromedriver=2.35.528161 (5b82f2d2aae0ca24b877009200ced9065a772e73),platform=Windows NT 10.0.17134 x86_64) (WARNING: The server did not provide any stacktrace information)
Command duration or timeout: 297 milliseconds
Build info: version: &amp;apos;3.8.1&amp;apos;, revision: &amp;apos;6e95a6684b&amp;apos;, time: &amp;apos;2017-12-01T18:33:54.468Z&amp;apos;
System info: host: &amp;apos;HANH-PHUC-NGUYE&amp;apos;, ip: &amp;apos;192.168.1.4&amp;apos;, os.name: &amp;apos;Windows 10&amp;apos;, os.arch: &amp;apos;amd64&amp;apos;, os.version: &amp;apos;10.0&amp;apos;, java.version: &amp;apos;10.0.2&amp;apos;
Driver info: driver.version: ChromeDriver">
      <![CDATA[org.openqa.selenium.WebDriverException: unknown error: cannot find Chrome binary  (Driver info: chromedriver=2.35.528161 (5b82f2d2aae0ca24b877009200ced9065a772e73),platform=Windows NT 10.0.17134 x86_64) (WARNING: The server did not provide any stacktrace information)Command duration or timeout: 297 millisecondsBuild info: version: '3.8.1', revision: '6e95a6684b', time: '2017-12-01T18:33:54.468Z'System info: host: 'HANH-PHUC-NGUYE', ip: '192.168.1.4', os.name: 'Windows 10', os.arch: 'amd64', os.version: '10.0', java.version: '10.0.2'Driver info: driver.version: ChromeDriverat org.openqa.selenium.remote.ErrorHandler.createThrowable(ErrorHandler.java:214)at org.openqa.selenium.remote.ErrorHandler.throwIfResponseFailed(ErrorHandler.java:166)at org.openqa.selenium.remote.JsonWireProtocolResponse.lambda$new$0(JsonWireProtocolResponse.java:53)at org.openqa.selenium.remote.JsonWireProtocolResponse.lambda$getResponseFunction$2(JsonWireProtocolResponse.java:91)at org.openqa.selenium.remote.ProtocolHandshake.lambda$createSession$0(ProtocolHandshake.java:123)at java.base/java.util.stream.ReferencePipeline$3$1.accept(ReferencePipeline.java:195)at java.base/java.util.Spliterators$ArraySpliterator.tryAdvance(Spliterators.java:958)at java.base/java.util.stream.ReferencePipeline.forEachWithCancel(ReferencePipeline.java:127)at java.base/java.util.stream.AbstractPipeline.copyIntoWithCancel(AbstractPipeline.java:502)at java.base/java.util.stream.AbstractPipeline.copyInto(AbstractPipeline.java:488)at java.base/java.util.stream.AbstractPipeline.wrapAndCopyInto(AbstractPipeline.java:474)at java.base/java.util.stream.FindOps$FindOp.evaluateSequential(FindOps.java:150)at java.base/java.util.stream.AbstractPipeline.evaluate(AbstractPipeline.java:234)at java.base/java.util.stream.ReferencePipeline.findFirst(ReferencePipeline.java:543)at org.openqa.selenium.remote.ProtocolHandshake.createSession(ProtocolHandshake.java:126)at org.openqa.selenium.remote.ProtocolHandshake.createSession(ProtocolHandshake.java:73)at org.openqa.selenium.remote.HttpCommandExecutor.execute(HttpCommandExecutor.java:142)at com.test.CustomClasses.DriverCommandExecutor.execute(DriverCommandExecutor.java:68)at org.openqa.selenium.remote.RemoteWebDriver.execute(RemoteWebDriver.java:601)at org.openqa.selenium.remote.RemoteWebDriver.startSession(RemoteWebDriver.java:219)at org.openqa.selenium.remote.RemoteWebDriver.<init>(RemoteWebDriver.java:142)at com.test.CustomClasses.ChromeDriver.<init>(ChromeDriver.java:54)at com.test.CustomClasses.ChromeDriver.<init>(ChromeDriver.java:48)at com.test.CustomClasses.ChromeDriver.<init>(ChromeDriver.java:44)at testcase.Core.beforeMethod(Core.java:32)at java.base/java.util.concurrent.ThreadPoolExecutor.runWorker(ThreadPoolExecutor.java:1135)at java.base/java.util.concurrent.ThreadPoolExecutor$Worker.run(ThreadPoolExecutor.java:635)at java.base/java.lang.Thread.run(Thread.java:844)... Removed 17 stack frames]]>
    </failure>
  </testcase> <!-- @BeforeMethod beforeMethod -->
  <testcase classname="testcase.Core" name="@BeforeMethod beforeMethod" time="0.0">
    <skipped/>
  </testcase> <!-- @BeforeMethod beforeMethod -->
  <testcase classname="testcase.Core" name="@BeforeMethod beforeMethod" time="0.0">
    <skipped/>
  </testcase> <!-- @BeforeMethod beforeMethod -->
  <testcase classname="testcase.Core" name="@BeforeMethod beforeMethod" time="0.0">
    <skipped/>
  </testcase> <!-- @BeforeMethod beforeMethod -->
  <testcase classname="testcase.Core" name="@BeforeMethod beforeMethod" time="0.0">
    <skipped/>
  </testcase> <!-- @BeforeMethod beforeMethod -->
  <testcase classname="testcase.Core" name="@BeforeMethod beforeMethod" time="0.0">
    <skipped/>
  </testcase> <!-- @BeforeMethod beforeMethod -->
  <testcase classname="testcase.Core" name="@BeforeMethod beforeMethod" time="0.0">
    <skipped/>
  </testcase> <!-- @BeforeMethod beforeMethod -->
  <testcase classname="testcase.Core" name="@BeforeMethod beforeMethod" time="0.0">
    <skipped/>
  </testcase> <!-- @BeforeMethod beforeMethod -->
  <testcase classname="testcase.Core" name="@BeforeMethod beforeMethod" time="0.0">
    <skipped/>
  </testcase> <!-- @BeforeMethod beforeMethod -->
  <testcase classname="testcase.Core" name="@BeforeMethod beforeMethod" time="0.0">
    <skipped/>
  </testcase> <!-- @BeforeMethod beforeMethod -->
  <testcase classname="testcase.Testsuite" name="tc01" time="0.0">
    <skipped/>
  </testcase> <!-- tc01 -->
  <testcase classname="testcase.Testsuite" name="tc01" time="4.172">
    <failure type="java.lang.NullPointerException">
      <![CDATA[java.lang.NullPointerExceptionat com.test.listener.ExtentListener.onTestSkipped(ExtentListener.java:87)at java.base/java.util.concurrent.ThreadPoolExecutor.runWorker(ThreadPoolExecutor.java:1135)at java.base/java.util.concurrent.ThreadPoolExecutor$Worker.run(ThreadPoolExecutor.java:635)at java.base/java.lang.Thread.run(Thread.java:844)... Removed 8 stack frames]]>
    </failure>
  </testcase> <!-- tc01 -->
  <testcase classname="testcase.Testsuite" name="tc10" time="0.0">
    <skipped/>
  </testcase> <!-- tc10 -->
  <testcase classname="testcase.Testsuite" name="tc10" time="0.0">
    <failure type="java.lang.NullPointerException">
      <![CDATA[java.lang.NullPointerExceptionat com.test.listener.ExtentListener.onTestSkipped(ExtentListener.java:87)at java.base/java.util.concurrent.ThreadPoolExecutor.runWorker(ThreadPoolExecutor.java:1135)at java.base/java.util.concurrent.ThreadPoolExecutor$Worker.run(ThreadPoolExecutor.java:635)at java.base/java.lang.Thread.run(Thread.java:844)... Removed 8 stack frames]]>
    </failure>
  </testcase> <!-- tc10 -->
  <testcase classname="testcase.Testsuite" name="tc09" time="0.0">
    <skipped/>
  </testcase> <!-- tc09 -->
  <testcase classname="testcase.Testsuite" name="tc09" time="0.016">
    <failure type="java.lang.NullPointerException">
      <![CDATA[java.lang.NullPointerExceptionat com.test.listener.ExtentListener.onTestSkipped(ExtentListener.java:87)at java.base/java.util.concurrent.ThreadPoolExecutor.runWorker(ThreadPoolExecutor.java:1135)at java.base/java.util.concurrent.ThreadPoolExecutor$Worker.run(ThreadPoolExecutor.java:635)at java.base/java.lang.Thread.run(Thread.java:844)... Removed 8 stack frames]]>
    </failure>
  </testcase> <!-- tc09 -->
  <testcase classname="testcase.Testsuite" name="tc02" time="0.0">
    <skipped/>
  </testcase> <!-- tc02 -->
  <testcase classname="testcase.Testsuite" name="tc02" time="0.0">
    <failure type="java.lang.NullPointerException">
      <![CDATA[java.lang.NullPointerExceptionat com.test.listener.ExtentListener.onTestSkipped(ExtentListener.java:87)at java.base/java.util.concurrent.ThreadPoolExecutor.runWorker(ThreadPoolExecutor.java:1135)at java.base/java.util.concurrent.ThreadPoolExecutor$Worker.run(ThreadPoolExecutor.java:635)at java.base/java.lang.Thread.run(Thread.java:844)... Removed 8 stack frames]]>
    </failure>
  </testcase> <!-- tc02 -->
  <testcase classname="testcase.Testsuite" name="tc03" time="0.0">
    <skipped/>
  </testcase> <!-- tc03 -->
  <testcase classname="testcase.Testsuite" name="tc04" time="0.0">
    <skipped/>
  </testcase> <!-- tc04 -->
  <testcase classname="testcase.Testsuite" name="tc04" time="0.016">
    <failure type="java.lang.NullPointerException">
      <![CDATA[java.lang.NullPointerExceptionat com.test.listener.ExtentListener.onTestSkipped(ExtentListener.java:87)at java.base/java.util.concurrent.ThreadPoolExecutor.runWorker(ThreadPoolExecutor.java:1135)at java.base/java.util.concurrent.ThreadPoolExecutor$Worker.run(ThreadPoolExecutor.java:635)at java.base/java.lang.Thread.run(Thread.java:844)... Removed 8 stack frames]]>
    </failure>
  </testcase> <!-- tc04 -->
  <testcase classname="testcase.Testsuite" name="tc03" time="0.016">
    <failure type="java.lang.NullPointerException">
      <![CDATA[java.lang.NullPointerExceptionat com.test.listener.ExtentListener.onTestSkipped(ExtentListener.java:87)at java.base/java.util.concurrent.ThreadPoolExecutor.runWorker(ThreadPoolExecutor.java:1135)at java.base/java.util.concurrent.ThreadPoolExecutor$Worker.run(ThreadPoolExecutor.java:635)at java.base/java.lang.Thread.run(Thread.java:844)... Removed 8 stack frames]]>
    </failure>
  </testcase> <!-- tc03 -->
  <testcase classname="testcase.Testsuite" name="tc05" time="0.0">
    <skipped/>
  </testcase> <!-- tc05 -->
  <testcase classname="testcase.Testsuite" name="tc05" time="0.0">
    <failure type="java.lang.NullPointerException">
      <![CDATA[java.lang.NullPointerExceptionat com.test.listener.ExtentListener.onTestSkipped(ExtentListener.java:87)at java.base/java.util.concurrent.ThreadPoolExecutor.runWorker(ThreadPoolExecutor.java:1135)at java.base/java.util.concurrent.ThreadPoolExecutor$Worker.run(ThreadPoolExecutor.java:635)at java.base/java.lang.Thread.run(Thread.java:844)... Removed 8 stack frames]]>
    </failure>
  </testcase> <!-- tc05 -->
  <testcase classname="testcase.Testsuite" name="tc06" time="0.0">
    <skipped/>
  </testcase> <!-- tc06 -->
  <testcase classname="testcase.Testsuite" name="tc06" time="0.0">
    <failure type="java.lang.NullPointerException">
      <![CDATA[java.lang.NullPointerExceptionat com.test.listener.ExtentListener.onTestSkipped(ExtentListener.java:87)at java.base/java.util.concurrent.ThreadPoolExecutor.runWorker(ThreadPoolExecutor.java:1135)at java.base/java.util.concurrent.ThreadPoolExecutor$Worker.run(ThreadPoolExecutor.java:635)at java.base/java.lang.Thread.run(Thread.java:844)... Removed 8 stack frames]]>
    </failure>
  </testcase> <!-- tc06 -->
  <testcase classname="testcase.Testsuite" name="tc07" time="0.0">
    <skipped/>
  </testcase> <!-- tc07 -->
  <testcase classname="testcase.Testsuite" name="tc07" time="0.031">
    <failure type="java.lang.NullPointerException">
      <![CDATA[java.lang.NullPointerExceptionat com.test.listener.ExtentListener.onTestSkipped(ExtentListener.java:87)at java.base/java.util.concurrent.ThreadPoolExecutor.runWorker(ThreadPoolExecutor.java:1135)at java.base/java.util.concurrent.ThreadPoolExecutor$Worker.run(ThreadPoolExecutor.java:635)at java.base/java.lang.Thread.run(Thread.java:844)... Removed 8 stack frames]]>
    </failure>
  </testcase> <!-- tc07 -->
  <testcase classname="testcase.Testsuite" name="tc08" time="0.0">
    <skipped/>
  </testcase> <!-- tc08 -->
  <testcase classname="testcase.Testsuite" name="tc08" time="0.0">
    <failure type="java.lang.NullPointerException">
      <![CDATA[java.lang.NullPointerExceptionat com.test.listener.ExtentListener.onTestSkipped(ExtentListener.java:87)at java.base/java.util.concurrent.ThreadPoolExecutor.runWorker(ThreadPoolExecutor.java:1135)at java.base/java.util.concurrent.ThreadPoolExecutor$Worker.run(ThreadPoolExecutor.java:635)at java.base/java.lang.Thread.run(Thread.java:844)... Removed 8 stack frames]]>
    </failure>
  </testcase> <!-- tc08 -->
</testsuite> <!-- JavaSecurity-2020-09-06-22-17-27 -->
